Determining if the pthread_create exist failed with the following output:
Change Dir: //home/bgalvanb/part5-master/build/CMakeFiles/CMakeTmp

Run Build Command:/bin/gmake "cmTryCompileExec2220324512/fast"
/bin/gmake -f CMakeFiles/cmTryCompileExec2220324512.dir/build.make CMakeFiles/cmTryCompileExec2220324512.dir/build
gmake[1]: Entering directory `/home/bgalvanb/part5-master/build/CMakeFiles/CMakeTmp'
/usr/bin/cmake -E cmake_progress_report //home/bgalvanb/part5-master/build/CMakeFiles/CMakeTmp/CMakeFiles 1
Building C object CMakeFiles/cmTryCompileExec2220324512.dir/CheckSymbolExists.c.o
/bin/cc    -o CMakeFiles/cmTryCompileExec2220324512.dir/CheckSymbolExists.c.o   -c //home/bgalvanb/part5-master/build/CMakeFiles/CMakeTmp/CheckSymbolExists.c
Linking C executable cmTryCompileExec2220324512
/usr/bin/cmake -E cmake_link_script CMakeFiles/cmTryCompileExec2220324512.dir/link.txt --verbose=1
/bin/cc       CMakeFiles/cmTryCompileExec2220324512.dir/CheckSymbolExists.c.o  -o cmTryCompileExec2220324512 -rdynamic 
CMakeFiles/cmTryCompileExec2220324512.dir/CheckSymbolExists.c.o: In function `main':
CheckSymbolExists.c:(.text+0x16): undefined reference to `pthread_create'
collect2: error: ld returned 1 exit status
gmake[1]: *** [cmTryCompileExec2220324512] Error 1
gmake[1]: Leaving directory `/home/bgalvanb/part5-master/build/CMakeFiles/CMakeTmp'
gmake: *** [cmTryCompileExec2220324512/fast] Error 2

File //home/bgalvanb/part5-master/build/CMakeFiles/CMakeTmp/CheckSymbolExists.c:
/* */
#include <pthread.h>

int main(int argc, char** argv)
{
  (void)argv;
#ifndef pthread_create
  return ((int*)(&pthread_create))[argc];
#else
  (void)argc;
  return 0;
#endif
}

Determining if the function pthread_create exists in the pthreads failed with the following output:
Change Dir: //home/bgalvanb/part5-master/build/CMakeFiles/CMakeTmp

Run Build Command:/bin/gmake "cmTryCompileExec2862731567/fast"
/bin/gmake -f CMakeFiles/cmTryCompileExec2862731567.dir/build.make CMakeFiles/cmTryCompileExec2862731567.dir/build
gmake[1]: Entering directory `/home/bgalvanb/part5-master/build/CMakeFiles/CMakeTmp'
/usr/bin/cmake -E cmake_progress_report //home/bgalvanb/part5-master/build/CMakeFiles/CMakeTmp/CMakeFiles 1
Building C object CMakeFiles/cmTryCompileExec2862731567.dir/CheckFunctionExists.c.o
/bin/cc   -DCHECK_FUNCTION_EXISTS=pthread_create   -o CMakeFiles/cmTryCompileExec2862731567.dir/CheckFunctionExists.c.o   -c /usr/share/cmake/Modules/CheckFunctionExists.c
Linking C executable cmTryCompileExec2862731567
/usr/bin/cmake -E cmake_link_script CMakeFiles/cmTryCompileExec2862731567.dir/link.txt --verbose=1
/bin/cc   -DCHECK_FUNCTION_EXISTS=pthread_create    CMakeFiles/cmTryCompileExec2862731567.dir/CheckFunctionExists.c.o  -o cmTryCompileExec2862731567 -rdynamic -lpthreads 
/bin/ld: cannot find -lpthreads
collect2: error: ld returned 1 exit status
gmake[1]: *** [cmTryCompileExec2862731567] Error 1
gmake[1]: Leaving directory `/home/bgalvanb/part5-master/build/CMakeFiles/CMakeTmp'
gmake: *** [cmTryCompileExec2862731567/fast] Error 2


